<?xml version="1.0" encoding="UTF-8"?>
<!-- Generated by org.testng.reporters.JUnitReportReporter -->
<testsuite hostname="DESKTOP-F4UK9QS" failures="0" tests="1" name="FB.java.Fb" time="6.285" errors="0" timestamp="02 Aug 2022 06:43:03 GMT" skipped="0">
  <testcase classname="FB.java.Fb" name="run" time="6.285"/>
</testsuite> <!-- FB.java.Fb -->
